Flutter crash report.
Please report a bug at https://github.com/flutter/flutter/issues.

## command

flutter run --machine --start-paused -d RZ8R403R73B --devtools-server-address http://127.0.0.1:9100/ --target /Users/dilipkumarashok/projects/envato/flutter_user/lib/main.dart

## exception

HttpException: HttpException: Connection closed before full header was received, uri = http://127.0.0.1:51099/1MiDdNov678=/ws

```
```

## flutter doctor

```
[!] Flutter (Channel stable, 3.19.3, on macOS 14.5 23F79 darwin-arm64, locale en-IN)
    • Flutter version 3.19.3 on channel stable at /Users/dilipkumarashok/flutterdev/flutter
    ! Warning: `flutter` on your path resolves to /Users/dilipkumarashok/FlutterDev/flutter/bin/flutter, which is not inside your current Flutter SDK checkout at /Users/dilipkumarashok/flutterdev/flutter. Consider adding /Users/dilipkumarashok/flutterdev/flutter/bin to the front of your path.
    ! Warning: `dart` on your path resolves to /Users/dilipkumarashok/FlutterDev/flutter/bin/dart, which is not inside your current Flutter SDK checkout at /Users/dilipkumarashok/flutterdev/flutter. Consider adding /Users/dilipkumarashok/flutterdev/flutter/bin to the front of your path.
    • Upstream repository https://github.com/flutter/flutter.git
    • Framework revision ba39319843 (4 months ago), 2024-03-07 15:22:21 -0600
    • Engine revision 2e4ba9c6fb
    • Dart version 3.3.1
    • DevTools version 2.31.1
    • If those were intentional, you can disregard the above warnings; however it is recommended to use "git" directly to perform update checks and upgrades.

[✓] Android toolchain - develop for Android devices (Android SDK version 33.0.0)
    • Android SDK at /Users/dilipkumarashok/Library/Android/sdk
    • Platform android-34, build-tools 33.0.0
    • Java binary at: /Applications/Android Studio.app/Contents/jbr/Contents/Home/bin/java
    • Java version OpenJDK Runtime Environment (build 17.0.6+0-17.0.6b802.4-9586694)
    • All Android licenses accepted.

[✓] Xcode - develop for iOS and macOS (Xcode 15.2)
    • Xcode at /Applications/Xcode.app/Contents/Developer
    • Build 15C500b
    • CocoaPods version 1.15.2

[✓] Chrome - develop for the web
    • Chrome at /Applications/Google Chrome.app/Contents/MacOS/Google Chrome

[✓] Android Studio (version 2022.2)
    • Android Studio at /Applications/Android Studio.app/Contents
    • Flutter plugin can be installed from:
      🔨 https://plugins.jetbrains.com/plugin/9212-flutter
    • Dart plugin can be installed from:
      🔨 https://plugins.jetbrains.com/plugin/6351-dart
    • Java version OpenJDK Runtime Environment (build 17.0.6+0-17.0.6b802.4-9586694)

[✓] IntelliJ IDEA Ultimate Edition (version 2023.1.2)
    • IntelliJ at /Users/dilipkumarashok/Library/Application Support/JetBrains/Toolbox/apps/IDEA-U/ch-0/231.9011.34/IntelliJ IDEA.app
    • Flutter plugin can be installed from:
      🔨 https://plugins.jetbrains.com/plugin/9212-flutter
    • Dart plugin can be installed from:
      🔨 https://plugins.jetbrains.com/plugin/6351-dart

[✓] VS Code (version 1.89.1)
    • VS Code at /Users/dilipkumarashok/Downloads/Visual Studio Code 2.app/Contents
    • Flutter extension version 3.92.0

[✓] Connected device (4 available)
    • SM M127G (mobile)      • RZ8R403R73B                          • android-arm64  • Android 13 (API 33)
    • iPhone 15 Pro (mobile) • AEFF2E95-C904-4DDD-90E9-5461AF37099C • ios            • com.apple.CoreSimulator.SimRuntime.iOS-17-2 (simulator)
    • macOS (desktop)        • macos                                • darwin-arm64   • macOS 14.5 23F79 darwin-arm64
    • Chrome (web)           • chrome                               • web-javascript • Google Chrome 126.0.6478.127
    ! Error: Browsing on the local area network for Dhilip’s iPhone. Ensure the device is unlocked and attached with a cable or associated with the same local area network as this Mac.
      The device must be opted into Developer Mode to connect wirelessly. (code -27)
    ! Error: Browsing on the local area network for Dilip kumar’s Apple Watch. Ensure the device is unlocked and discoverable via Bluetooth. (code -27)

[✓] Network resources
    • All expected network resources are available.

! Doctor found issues in 1 category.
```
